<?xml version="1.0" encoding="UTF-8"?>
<testsuite name="com.something.to.test.SolverReturnsNullTest" tests="6" skipped="0" failures="0" errors="0" timestamp="2018-01-10T15:11:49" hostname="WS00065" time="0.004">
  <properties/>
  <testcase name="findUniformStringTestLong" classname="com.something.to.test.SolverReturnsNullTest" time="0.001"/>
  <testcase name="findUniformStringTestEmpty" classname="com.something.to.test.SolverReturnsNullTest" time="0.0"/>
  <testcase name="findUniformStringTestTwoChar" classname="com.something.to.test.SolverReturnsNullTest" time="0.0"/>
  <testcase name="findUniformStringTestSimple" classname="com.something.to.test.SolverReturnsNullTest" time="0.001"/>
  <testcase name="findUniformStringTestSingleChar" classname="com.something.to.test.SolverReturnsNullTest" time="0.0"/>
  <testcase name="findUniformStringTestTwoDistinctsChars" classname="com.something.to.test.SolverReturnsNullTest" time="0.002"/>
  <system-out><![CDATA[]]></system-out>
  <system-err><![CDATA[]]></system-err>
</testsuite>
