<?xml version="1.0" encoding="UTF-8"?>
<testsuite name="JUnit Jupiter" tests="20" skipped="0" failures="0" errors="0" time="0.432" hostname="WS00065" timestamp="2018-01-10T17:15:21">
<properties>
<property name="awt.toolkit" value="sun.awt.windows.WToolkit"/>
<property name="file.encoding" value="windows-1252"/>
<property name="file.encoding.pkg" value="sun.io"/>
<property name="file.separator" value="\"/>
<property name="java.awt.graphicsenv" value="sun.awt.Win32GraphicsEnvironment"/>
<property name="java.awt.printerjob" value="sun.awt.windows.WPrinterJob"/>
<property name="java.class.path" value="C:\Users\npappas\IdeaProjects\JunitAndMockito\build\classes\java\test;C:\Users\npappas\IdeaProjects\JunitAndMockito\build\resources\test;C:\Users\npappas\IdeaProjects\JunitAndMockito\build\classes\java\main;C:\Users\npappas\IdeaProjects\JunitAndMockito\build\resources\main;C:\Users\npappas\.gradle\caches\modules-2\files-2.1\org.junit.jupiter\junit-jupiter-engine\5.0.2\e57de973ac81662ec2b9b225df6c882a641fabe6\junit-jupiter-engine-5.0.2.jar;C:\Users\npappas\.gradle\caches\modules-2\files-2.1\org.junit.jupiter\junit-jupiter-api\5.0.2\4024737a023e98dc6c9cbbd89fe0dd83975df65\junit-jupiter-api-5.0.2.jar;C:\Users\npappas\.gradle\caches\modules-2\files-2.1\org.mockito\mockito-core\2.13.0\8e372943974e4a121fb8617baced8ebfe46d54f0\mockito-core-2.13.0.jar;C:\Users\npappas\.gradle\caches\modules-2\files-2.1\org.junit.platform\junit-platform-launcher\1.0.2\7cd136827fbfe3e6301b95f0340d654ad54feaa4\junit-platform-launcher-1.0.2.jar;C:\Users\npappas\.gradle\caches\modules-2\files-2.1\org.junit.vintage\junit-vintage-engine\4.12.2\3ee780f46c5669ba5cf6a70405c49becec6f2cef\junit-vintage-engine-4.12.2.jar;C:\Users\npappas\.gradle\caches\modules-2\files-2.1\org.junit.platform\junit-platform-engine\1.0.2\ae5d9b8c44d78da636e4e1e00a907fe0fb7bcb8f\junit-platform-engine-1.0.2.jar;C:\Users\npappas\.gradle\caches\modules-2\files-2.1\org.opentest4j\opentest4j\1.0.0\6f09c598e9ff64bf0ce2fa7e7de49a99ba83c0b4\opentest4j-1.0.0.jar;C:\Users\npappas\.gradle\caches\modules-2\files-2.1\org.junit.platform\junit-platform-commons\1.0.2\e348a3a67940694f0718d04f9b0784b3dfb7819b\junit-platform-commons-1.0.2.jar;C:\Users\npappas\.gradle\caches\modules-2\files-2.1\net.bytebuddy\byte-buddy\1.7.9\51218a01a882c04d0aba8c028179cce488bbcb58\byte-buddy-1.7.9.jar;C:\Users\npappas\.gradle\caches\modules-2\files-2.1\net.bytebuddy\byte-buddy-agent\1.7.9\a6c65f9da7f467ee1f02ff2841ffd3155aee2fc9\byte-buddy-agent-1.7.9.jar;C:\Users\npappas\.gradle\caches\modules-2\files-2.1\org.objenesis\objenesis\2.6\639033469776fd37c08358c6b92a4761feb2af4b\objenesis-2.6.jar;C:\Users\npappas\.gradle\caches\modules-2\files-2.1\junit\junit\4.12\2973d150c0dc1fefe998f834810d68f278ea58ec\junit-4.12.jar;C:\Users\npappas\.gradle\caches\modules-2\files-2.1\org.hamcrest\hamcrest-core\1.3\42a25dc3219429f0e5d060061f71acb49bf010a0\hamcrest-core-1.3.jar;C:\Users\npappas\.gradle\caches\modules-2\files-2.1\org.junit.platform\junit-platform-console\1.0.2\2bf2cd18040bfe229bad813c7ab150a0f7ea8153\junit-platform-console-1.0.2.jar"/>
<property name="java.class.version" value="52.0"/>
<property name="java.endorsed.dirs" value="C:\Program Files\Java\jdk1.8.0_131\jre\lib\endorsed"/>
<property name="java.ext.dirs" value="C:\Program Files\Java\jdk1.8.0_131\jre\lib\ext;C:\WINDOWS\Sun\Java\lib\ext"/>
<property name="java.home" value="C:\Program Files\Java\jdk1.8.0_131\jre"/>
<property name="java.io.tmpdir" value="C:\Users\npappas\AppData\Local\Temp\"/>
<property name="java.library.path" value="C:\Program Files\Java\jdk1.8.0_131\bin;C:\WINDOWS\Sun\Java\bin;C:\WINDOWS\system32;C:\WINDOWS;C:\Users\npappas\Downloads\mightInstall\cmder\bin;C:\Users\npappas\Downloads\mightInstall\cmder\vendor\conemu-maximus5\ConEmu\Scripts;C:\Users\npappas\Downloads\mightInstall\cmder\vendor\conemu-maximus5;C:\Users\npappas\Downloads\mightInstall\cmder\vendor\conemu-maximus5\ConEmu;C:\ProgramData\Oracle\Java\javapath;C:\Program Files (x86)\Intel\iCLS Client\;C:\Program Files\Intel\iCLS Client\;C:\WINDOWS\system32;C:\WINDOWS;C:\WINDOWS\System32\Wbem;C:\WINDOWS\System32\WindowsPowerShell\v1.0\;C:\Program Files (x86)\Intel\Intel(R) Management Engine Components\DAL;C:\Program Files\Intel\Intel(R) Management Engine Components\DAL;C:\Program Files (x86)\Intel\Intel(R) Management Engine Components\IPT;C:\Program Files\Intel\Intel(R) Management Engine Components\IPT;C:\Program Files\Git\cmd;C:\Program Files\Microsoft SQL Server\130\Tools\Binn\;C:\Program Files\dotnet\;C:\Program Files\Microsoft SQL Server\Client SDK\ODBC\110\Tools\Binn\;C:\Program Files (x86)\Microsoft SQL Server\120\Tools\Binn\;C:\Program Files\Microsoft SQL Server\120\Tools\Binn\;C:\Program Files\Microsoft SQL Server\120\DTS\Binn\;C:\Program Files\nodejs\;C:\Program Files (x86)\Yarn\bin;C:\ProgramData\chocolatey\bin;C:\Users\npappas\AppData\Roaming\local\bin;C:\Users\npappas\AppData\Local\Programs\Python\Python36-32\Scripts\;C:\Users\npappas\AppData\Local\Programs\Python\Python36-32\;C:\Users\npappas\AppData\Local\Microsoft\WindowsApps;C:\Users\npappas\AppData\Local\atom\bin;C:\tools;C:\Program Files\Heroku\bin;C:\Program Files\Java\jdk1.8.0_131\bin;C:\dev\utils\apache-ant-1.9.9\bin;C:\Users\npappas\AppData\Roaming\npm;C:\dev\utils\apache-maven-3.5.0\bin;C:\Users\npappas\AppData\Local\Yarn\.bin;C:\Users\npappas\AppData\Local\Microsoft\WindowsApps;;C:\Program Files\Git\usr\bin;C:\Program Files\Git\usr\share\vim\vim74;C:\Users\npappas\Downloads\mightInstall\cmder\;."/>
<property name="java.runtime.name" value="Java(TM) SE Runtime Environment"/>
<property name="java.runtime.version" value="1.8.0_131-b11"/>
<property name="java.specification.name" value="Java Platform API Specification"/>
<property name="java.specification.vendor" value="Oracle Corporation"/>
<property name="java.specification.version" value="1.8"/>
<property name="java.vendor" value="Oracle Corporation"/>
<property name="java.vendor.url" value="http://java.oracle.com/"/>
<property name="java.vendor.url.bug" value="http://bugreport.sun.com/bugreport/"/>
<property name="java.version" value="1.8.0_131"/>
<property name="java.vm.info" value="mixed mode"/>
<property name="java.vm.name" value="Java HotSpot(TM) 64-Bit Server VM"/>
<property name="java.vm.specification.name" value="Java Virtual Machine Specification"/>
<property name="java.vm.specification.vendor" value="Oracle Corporation"/>
<property name="java.vm.specification.version" value="1.8"/>
<property name="java.vm.vendor" value="Oracle Corporation"/>
<property name="java.vm.version" value="25.131-b11"/>
<property name="line.separator" value="
"/>
<property name="os.arch" value="amd64"/>
<property name="os.name" value="Windows 10"/>
<property name="os.version" value="10.0"/>
<property name="path.separator" value=";"/>
<property name="sun.arch.data.model" value="64"/>
<property name="sun.boot.class.path" value="C:\Program Files\Java\jdk1.8.0_131\jre\lib\resources.jar;C:\Program Files\Java\jdk1.8.0_131\jre\lib\rt.jar;C:\Program Files\Java\jdk1.8.0_131\jre\lib\sunrsasign.jar;C:\Program Files\Java\jdk1.8.0_131\jre\lib\jsse.jar;C:\Program Files\Java\jdk1.8.0_131\jre\lib\jce.jar;C:\Program Files\Java\jdk1.8.0_131\jre\lib\charsets.jar;C:\Program Files\Java\jdk1.8.0_131\jre\lib\jfr.jar;C:\Program Files\Java\jdk1.8.0_131\jre\classes"/>
<property name="sun.boot.library.path" value="C:\Program Files\Java\jdk1.8.0_131\jre\bin"/>
<property name="sun.cpu.endian" value="little"/>
<property name="sun.cpu.isalist" value="amd64"/>
<property name="sun.desktop" value="windows"/>
<property name="sun.io.unicode.encoding" value="UnicodeLittle"/>
<property name="sun.java.command" value="org.junit.platform.console.ConsoleLauncher --details NONE --scan-class-path C:\Users\npappas\IdeaProjects\JunitAndMockito\build\classes\java\main;C:\Users\npappas\IdeaProjects\JunitAndMockito\build\resources\main;C:\Users\npappas\IdeaProjects\JunitAndMockito\build\classes\java\test;C:\Users\npappas\IdeaProjects\JunitAndMockito\build\resources\test -n ^.*Tests?$ --reports-dir C:\Users\npappas\IdeaProjects\JunitAndMockito\build\test-results\junit-platform"/>
<property name="sun.java.launcher" value="SUN_STANDARD"/>
<property name="sun.jnu.encoding" value="Cp1252"/>
<property name="sun.management.compiler" value="HotSpot 64-Bit Tiered Compilers"/>
<property name="sun.os.patch.level" value=""/>
<property name="user.country" value="GB"/>
<property name="user.dir" value="C:\Users\npappas\IdeaProjects\JunitAndMockito"/>
<property name="user.home" value="C:\Users\npappas"/>
<property name="user.language" value="en"/>
<property name="user.name" value="npappas"/>
<property name="user.script" value=""/>
<property name="user.timezone" value="Europe/London"/>
<property name="user.variant" value=""/>
</properties>
<testcase name="equalsTestNotEqualLength()" classname="com.something.to.test.PairTest" time="0.009">
<system-out><![CDATA[
unique-id: [engine:junit-jupiter]/[class:com.something.to.test.PairTest]/[method:equalsTestNotEqualLength()]
display-name: equalsTestNotEqualLength()
]]></system-out>
</testcase>
<testcase name="equalsTestEquals()" classname="com.something.to.test.PairTest" time="0.002">
<system-out><![CDATA[
unique-id: [engine:junit-jupiter]/[class:com.something.to.test.PairTest]/[method:equalsTestEquals()]
display-name: equalsTestEquals()
]]></system-out>
</testcase>
<testcase name="equalsTestEqualsMethod()" classname="com.something.to.test.PairTest" time="0.001">
<system-out><![CDATA[
unique-id: [engine:junit-jupiter]/[class:com.something.to.test.PairTest]/[method:equalsTestEqualsMethod()]
display-name: equalsTestEqualsMethod()
]]></system-out>
</testcase>
<testcase name="equalsTestNotEqualStart()" classname="com.something.to.test.PairTest" time="0">
<system-out><![CDATA[
unique-id: [engine:junit-jupiter]/[class:com.something.to.test.PairTest]/[method:equalsTestNotEqualStart()]
display-name: equalsTestNotEqualStart()
]]></system-out>
</testcase>
<testcase name="findUniformStringTestLong()" classname="com.something.to.test.SimpleSolverTest" time="0.002">
<system-out><![CDATA[
unique-id: [engine:junit-jupiter]/[class:com.something.to.test.SimpleSolverTest]/[method:findUniformStringTestLong()]
display-name: findUniformStringTestLong()
]]></system-out>
</testcase>
<testcase name="findUniformStringTestEmpty()" classname="com.something.to.test.SimpleSolverTest" time="0">
<system-out><![CDATA[
unique-id: [engine:junit-jupiter]/[class:com.something.to.test.SimpleSolverTest]/[method:findUniformStringTestEmpty()]
display-name: findUniformStringTestEmpty()
]]></system-out>
</testcase>
<testcase name="findUniformStringTestTwoChar()" classname="com.something.to.test.SimpleSolverTest" time="0">
<system-out><![CDATA[
unique-id: [engine:junit-jupiter]/[class:com.something.to.test.SimpleSolverTest]/[method:findUniformStringTestTwoChar()]
display-name: findUniformStringTestTwoChar()
]]></system-out>
</testcase>
<testcase name="findUniformStringTestSimple()" classname="com.something.to.test.SimpleSolverTest" time="0.001">
<system-out><![CDATA[
unique-id: [engine:junit-jupiter]/[class:com.something.to.test.SimpleSolverTest]/[method:findUniformStringTestSimple()]
display-name: findUniformStringTestSimple()
]]></system-out>
</testcase>
<testcase name="findUniformStringTestSingleChar()" classname="com.something.to.test.SimpleSolverTest" time="0">
<system-out><![CDATA[
unique-id: [engine:junit-jupiter]/[class:com.something.to.test.SimpleSolverTest]/[method:findUniformStringTestSingleChar()]
display-name: findUniformStringTestSingleChar()
]]></system-out>
</testcase>
<testcase name="findUniformStringTestTwoDistinctsChars()" classname="com.something.to.test.SimpleSolverTest" time="0">
<system-out><![CDATA[
unique-id: [engine:junit-jupiter]/[class:com.something.to.test.SimpleSolverTest]/[method:findUniformStringTestTwoDistinctsChars()]
display-name: findUniformStringTestTwoDistinctsChars()
]]></system-out>
</testcase>
<testcase name="findUniformStringTestLong()" classname="com.something.to.test.SolverReturnsNullTest" time="0.001">
<system-out><![CDATA[
unique-id: [engine:junit-jupiter]/[class:com.something.to.test.SolverReturnsNullTest]/[method:findUniformStringTestLong()]
display-name: findUniformStringTestLong()
]]></system-out>
</testcase>
<testcase name="findUniformStringTestEmpty()" classname="com.something.to.test.SolverReturnsNullTest" time="0">
<system-out><![CDATA[
unique-id: [engine:junit-jupiter]/[class:com.something.to.test.SolverReturnsNullTest]/[method:findUniformStringTestEmpty()]
display-name: findUniformStringTestEmpty()
]]></system-out>
</testcase>
<testcase name="findUniformStringTestTwoChar()" classname="com.something.to.test.SolverReturnsNullTest" time="0">
<system-out><![CDATA[
unique-id: [engine:junit-jupiter]/[class:com.something.to.test.SolverReturnsNullTest]/[method:findUniformStringTestTwoChar()]
display-name: findUniformStringTestTwoChar()
]]></system-out>
</testcase>
<testcase name="findUniformStringTestSimple()" classname="com.something.to.test.SolverReturnsNullTest" time="0">
<system-out><![CDATA[
unique-id: [engine:junit-jupiter]/[class:com.something.to.test.SolverReturnsNullTest]/[method:findUniformStringTestSimple()]
display-name: findUniformStringTestSimple()
]]></system-out>
</testcase>
<testcase name="findUniformStringTestSingleChar()" classname="com.something.to.test.SolverReturnsNullTest" time="0">
<system-out><![CDATA[
unique-id: [engine:junit-jupiter]/[class:com.something.to.test.SolverReturnsNullTest]/[method:findUniformStringTestSingleChar()]
display-name: findUniformStringTestSingleChar()
]]></system-out>
</testcase>
<testcase name="findUniformStringTestTwoDistinctsChars()" classname="com.something.to.test.SolverReturnsNullTest" time="0.001">
<system-out><![CDATA[
unique-id: [engine:junit-jupiter]/[class:com.something.to.test.SolverReturnsNullTest]/[method:findUniformStringTestTwoDistinctsChars()]
display-name: findUniformStringTestTwoDistinctsChars()
]]></system-out>
</testcase>
<testcase name="stringResolverAnnotTest()" classname="com.something.to.test.ToTestTest" time="0.043">
<system-out><![CDATA[
unique-id: [engine:junit-jupiter]/[class:com.something.to.test.ToTestTest]/[method:stringResolverAnnotTest()]
display-name: stringResolverAnnotTest()
]]></system-out>
</testcase>
<testcase name="stringResolverTest()" classname="com.something.to.test.ToTestTest" time="0.001">
<system-out><![CDATA[
unique-id: [engine:junit-jupiter]/[class:com.something.to.test.ToTestTest]/[method:stringResolverTest()]
display-name: stringResolverTest()
]]></system-out>
</testcase>
<testcase name="mockLoggerTest()" classname="com.something.to.test.ToTestTest" time="0.007">
<system-out><![CDATA[
unique-id: [engine:junit-jupiter]/[class:com.something.to.test.ToTestTest]/[method:mockLoggerTest()]
display-name: mockLoggerTest()
]]></system-out>
</testcase>
<testcase name="spyLoggerTest()" classname="com.something.to.test.ToTestTest" time="0.001">
<system-out><![CDATA[
unique-id: [engine:junit-jupiter]/[class:com.something.to.test.ToTestTest]/[method:spyLoggerTest()]
display-name: spyLoggerTest()
]]></system-out>
</testcase>
<system-out><![CDATA[
unique-id: [engine:junit-jupiter]
display-name: JUnit Jupiter
]]></system-out>
</testsuite>
